{
  "stats": {
    "suites": 1,
    "tests": 2,
    "passes": 2,
    "pending": 0,
    "failures": 0,
    "start": "2017-02-06T08:44:56.973Z",
    "end": "2017-02-06T08:44:57.186Z",
    "duration": 213,
    "testsRegistered": 2,
    "passPercent": 100,
    "pendingPercent": 0,
    "other": 0,
    "hasOther": false,
    "skipped": 0,
    "hasSkipped": false,
    "passPercentClass": "success",
    "pendingPercentClass": "danger"
  },
  "suites": {
    "title": "",
    "suites": [
      {
        "title": "test weather api: ",
        "suites": [],
        "tests": [
          {
            "title": "get shanghai weather",
            "fullTitle": "test weather api:  get shanghai weather",
            "timedOut": false,
            "duration": 146,
            "state": "passed",
            "speed": "slow",
            "pass": true,
            "fail": false,
            "pending": false,
            "code": "request(app).get('/apis/getweather/shanghai')\n.expect(200)\n.end((err, res) => {\n  should.not.exist(err);\n\t//console.dir(res);\n  res.body.success.should.equal(true);\n  should.exist(res.body.data.text);\n  done();\n})",
            "err": {},
            "isRoot": false,
            "uuid": "32179b67-4f3f-4dc3-bb3c-210d6eb6b70d",
            "parentUUID": "154027d2-6a2b-48e8-a2e5-7a5905f3193e",
            "skipped": false
          },
          {
            "title": "get undefined city weather",
            "fullTitle": "test weather api:  get undefined city weather",
            "timedOut": false,
            "duration": 56,
            "state": "passed",
            "speed": "medium",
            "pass": true,
            "fail": false,
            "pending": false,
            "code": "request(app).get('/apis/getweather/ysxyesij12803dwe')\n.expect(200)\n.end((err, res) => {\n  should.not.exist(err);\n\tres.body.success.should.equal(false);\n  should.exist(res.body.data);\n  done();\n})",
            "err": {},
            "isRoot": false,
            "uuid": "eeb50c4f-8e24-4458-8b07-6578a83c79c5",
            "parentUUID": "154027d2-6a2b-48e8-a2e5-7a5905f3193e",
            "skipped": false
          }
        ],
        "pending": [],
        "root": false,
        "_timeout": 20000,
        "file": "/test/test.weatherapi.js",
        "uuid": "154027d2-6a2b-48e8-a2e5-7a5905f3193e",
        "fullFile": "/home/stadmin/demo/checklock/test/test.weatherapi.js",
        "passes": [
          {
            "title": "get shanghai weather",
            "fullTitle": "test weather api:  get shanghai weather",
            "timedOut": false,
            "duration": 146,
            "state": "passed",
            "speed": "slow",
            "pass": true,
            "fail": false,
            "pending": false,
            "code": "request(app).get('/apis/getweather/shanghai')\n.expect(200)\n.end((err, res) => {\n  should.not.exist(err);\n\t//console.dir(res);\n  res.body.success.should.equal(true);\n  should.exist(res.body.data.text);\n  done();\n})",
            "err": {},
            "isRoot": false,
            "uuid": "32179b67-4f3f-4dc3-bb3c-210d6eb6b70d",
            "parentUUID": "154027d2-6a2b-48e8-a2e5-7a5905f3193e",
            "skipped": false
          },
          {
            "title": "get undefined city weather",
            "fullTitle": "test weather api:  get undefined city weather",
            "timedOut": false,
            "duration": 56,
            "state": "passed",
            "speed": "medium",
            "pass": true,
            "fail": false,
            "pending": false,
            "code": "request(app).get('/apis/getweather/ysxyesij12803dwe')\n.expect(200)\n.end((err, res) => {\n  should.not.exist(err);\n\tres.body.success.should.equal(false);\n  should.exist(res.body.data);\n  done();\n})",
            "err": {},
            "isRoot": false,
            "uuid": "eeb50c4f-8e24-4458-8b07-6578a83c79c5",
            "parentUUID": "154027d2-6a2b-48e8-a2e5-7a5905f3193e",
            "skipped": false
          }
        ],
        "failures": [],
        "skipped": [],
        "hasTests": true,
        "hasSuites": false,
        "totalTests": 2,
        "totalPasses": 2,
        "totalFailures": 0,
        "totalPending": 0,
        "totalSkipped": 0,
        "hasPasses": true,
        "hasFailures": false,
        "hasPending": false,
        "hasSkipped": false,
        "duration": 202
      }
    ],
    "tests": [],
    "pending": [],
    "root": true,
    "_timeout": 20000,
    "uuid": "9b655bdb-dcd0-425f-8bd7-bc784dcaa43d",
    "fullFile": "",
    "file": "",
    "passes": [],
    "failures": [],
    "skipped": [],
    "hasTests": false,
    "hasSuites": true,
    "totalTests": 0,
    "totalPasses": 0,
    "totalFailures": 0,
    "totalPending": 0,
    "totalSkipped": 0,
    "hasPasses": false,
    "hasFailures": false,
    "hasPending": false,
    "hasSkipped": false,
    "duration": 0,
    "rootEmpty": true
  },
  "allTests": [
    {
      "title": "get shanghai weather",
      "fullTitle": "test weather api:  get shanghai weather",
      "timedOut": false,
      "duration": 146,
      "state": "passed",
      "speed": "slow",
      "pass": true,
      "fail": false,
      "pending": false,
      "code": "request(app).get('/apis/getweather/shanghai')\n.expect(200)\n.end((err, res) => {\n  should.not.exist(err);\n\t//console.dir(res);\n  res.body.success.should.equal(true);\n  should.exist(res.body.data.text);\n  done();\n})",
      "err": {},
      "isRoot": false,
      "uuid": "32179b67-4f3f-4dc3-bb3c-210d6eb6b70d",
      "parentUUID": "154027d2-6a2b-48e8-a2e5-7a5905f3193e",
      "skipped": false
    },
    {
      "title": "get undefined city weather",
      "fullTitle": "test weather api:  get undefined city weather",
      "timedOut": false,
      "duration": 56,
      "state": "passed",
      "speed": "medium",
      "pass": true,
      "fail": false,
      "pending": false,
      "code": "request(app).get('/apis/getweather/ysxyesij12803dwe')\n.expect(200)\n.end((err, res) => {\n  should.not.exist(err);\n\tres.body.success.should.equal(false);\n  should.exist(res.body.data);\n  done();\n})",
      "err": {},
      "isRoot": false,
      "uuid": "eeb50c4f-8e24-4458-8b07-6578a83c79c5",
      "parentUUID": "154027d2-6a2b-48e8-a2e5-7a5905f3193e",
      "skipped": false
    }
  ],
  "allPending": [],
  "allPasses": [
    {
      "title": "get shanghai weather",
      "fullTitle": "test weather api:  get shanghai weather",
      "timedOut": false,
      "duration": 146,
      "state": "passed",
      "speed": "slow",
      "pass": true,
      "fail": false,
      "pending": false,
      "code": "request(app).get('/apis/getweather/shanghai')\n.expect(200)\n.end((err, res) => {\n  should.not.exist(err);\n\t//console.dir(res);\n  res.body.success.should.equal(true);\n  should.exist(res.body.data.text);\n  done();\n})",
      "err": {},
      "isRoot": false,
      "uuid": "32179b67-4f3f-4dc3-bb3c-210d6eb6b70d",
      "parentUUID": "154027d2-6a2b-48e8-a2e5-7a5905f3193e",
      "skipped": false
    },
    {
      "title": "get undefined city weather",
      "fullTitle": "test weather api:  get undefined city weather",
      "timedOut": false,
      "duration": 56,
      "state": "passed",
      "speed": "medium",
      "pass": true,
      "fail": false,
      "pending": false,
      "code": "request(app).get('/apis/getweather/ysxyesij12803dwe')\n.expect(200)\n.end((err, res) => {\n  should.not.exist(err);\n\tres.body.success.should.equal(false);\n  should.exist(res.body.data);\n  done();\n})",
      "err": {},
      "isRoot": false,
      "uuid": "eeb50c4f-8e24-4458-8b07-6578a83c79c5",
      "parentUUID": "154027d2-6a2b-48e8-a2e5-7a5905f3193e",
      "skipped": false
    }
  ],
  "allFailures": [],
  "copyrightYear": 2017
}